<?xml version="1.0" encoding="UTF-8"?>
<!-- Generated by org.testng.reporters.JUnitXMLReporter -->
<testsuite ignored="0" hostname="DESKTOP-BRPE7R0" failures="0" tests="8" name="API Automation Suite" time="11.406" errors="0" timestamp="2026-07-22T02:40:40 IST">
  <testcase classname="paraBankAPITesting.GET_Account_By_Id" name="getAccountById" time="7.471"/>
  <testcase classname="paraBankAPITesting.GET_List_Of_Transaction_For_An_Account" name="getListOfTransactionForAnAccount" time="0.491"/>
  <testcase classname="paraBankAPITesting.GET_User_Details" name="getUserDetails" time="0.449"/>
  <testcase classname="paraBankAPITesting.POST_Bill_Pay" name="PostBillPay" time="0.788"/>
  <testcase classname="paraBankAPITesting.POST_Create_NewAccount" name="postCreateNewAccount" time="0.466"/>
  <testcase classname="paraBankAPITesting.POST_Deposit_Fund" name="postDepositFund" time="0.402"/>
  <testcase classname="paraBankAPITesting.POST_Request_Loan" name="postRequestLoan" time="0.501"/>
  <testcase classname="paraBankAPITesting.POST_Transfer_Funds" name="postTransferFunds" time="0.425"/>
</testsuite> <!-- API Automation Suite -->
