<?xml version="1.0" encoding="UTF-8"?>
<!-- Generated by org.testng.reporters.JUnitXMLReporter -->
<testsuite ignored="0" hostname="DESKTOP-BRPE7R0" failures="0" tests="7" name="Regression Suite" time="100.446" errors="0" timestamp="2026-07-18T23:42:35 IST">
  <testcase classname="paraBankTestCases.UserRegistrationTestCases" name="verifyUserRegistration" time="10.338"/>
  <testcase classname="paraBankTestCases.LogInTestCases" name="verifyLoginFunctionality" time="2.436"/>
  <testcase classname="paraBankTestCases.LogOutTestCases" name="verifyLogOutFunctionality" time="3.241"/>
  <testcase classname="paraBankTestCases.OpenNewAccountTestCases" name="verifyNewAccountOpen" time="4.159"/>
  <testcase classname="paraBankTestCases.TransferFundsTestCases" name="verifyFundTransfer" time="16.178"/>
  <testcase classname="paraBankTestCases.RequestLoanTestCases" name="verifyLoanRequest" time="6.213"/>
  <testcase classname="paraBankTestCases.UpdateProfileInfoTestCases" name="verifyUpdateProfileInfo" time="6.551"/>
</testsuite> <!-- Regression Suite -->
