<?xml version="1.0" encoding="UTF-8"?>
<!-- Generated by org.testng.reporters.JUnitXMLReporter -->
<testsuite ignored="0" hostname="DESKTOP-BRPE7R0" failures="0" tests="4" name="Retesting Cases" time="83.965" errors="0" timestamp="2026-07-20T02:36:12 IST">
  <testcase classname="paraBankTestCases.RetestingTestCases" name="verifyBalanceAmountUpdate" time="29.573"/>
  <testcase classname="paraBankTestCases.RetestingTestCases" name="verifyUniqueAccountNumber" time="6.95"/>
  <testcase classname="paraBankTestCases.RetestingTestCases" name="verifyLoanDetailsVisibility" time="7.575"/>
  <testcase classname="paraBankTestCases.RetestingTestCases" name="verifyProfileUpdate" time="7.129"/>
</testsuite> <!-- Retesting Cases -->
