<?xml version="1.0" encoding="UTF-8"?>
<!-- Generated by org.testng.reporters.JUnitReportReporter -->
<testsuite hostname="DESKTOP-BRPE7R0" failures="0" tests="4" name="paraBankTestCases.RetestingTestCases" time="83.471" errors="0" timestamp="2026-07-20T02:36:14 IST" skipped="0">
  <testcase classname="paraBankTestCases.RetestingTestCases" name="verifyBalanceAmountUpdate" time="42.162"/>
  <system-out>
    <![CDATA[Opening Browser for Test execution
Test Case Successful]]>
  </system-out>
  <testcase classname="paraBankTestCases.RetestingTestCases" name="verifyUniqueAccountNumber" time="12.478"/>
  <system-out>
    <![CDATA[Opening Browser for Test execution
Test Case Successful]]>
  </system-out>
  <testcase classname="paraBankTestCases.RetestingTestCases" name="verifyLoanDetailsVisibility" time="13.937"/>
  <system-out>
    <![CDATA[Opening Browser for Test execution
Test Case Successful]]>
  </system-out>
  <testcase classname="paraBankTestCases.RetestingTestCases" name="verifyProfileUpdate" time="14.894"/>
  <system-out>
    <![CDATA[Opening Browser for Test execution
Test Case Successful]]>
  </system-out>
</testsuite> <!-- paraBankTestCases.RetestingTestCases -->
