<?xml version="1.0" encoding="UTF-8"?>
<!-- Generated by org.testng.reporters.JUnitReportReporter -->
<testsuite hostname="DESKTOP-BRPE7R0" failures="0" tests="1" name="paraBankTestCases.TransferFundsTestCases" time="21.986" errors="0" timestamp="2026-07-18T23:42:36 IST" skipped="0">
  <testcase classname="paraBankTestCases.TransferFundsTestCases" name="verifyFundTransfer" time="21.986"/>
  <system-out>
    <![CDATA[Opening Browser for Test execution
Test Case Successful]]>
  </system-out>
</testsuite> <!-- paraBankTestCases.TransferFundsTestCases -->
