<?xml version="1.0" encoding="UTF-8"?>
<!-- Generated by org.testng.reporters.JUnitReportReporter -->
<testsuite hostname="DESKTOP-BRPE7R0" failures="0" tests="1" name="paraBankTestCases.LogInTestCases" time="9.955" errors="0" timestamp="2026-07-18T23:42:36 IST" skipped="0">
  <testcase classname="paraBankTestCases.LogInTestCases" name="verifyLoginFunctionality" time="9.955"/>
  <system-out>
    <![CDATA[Opening Browser for Test execution
Test Case Successful]]>
  </system-out>
</testsuite> <!-- paraBankTestCases.LogInTestCases -->
