<?xml version="1.0" encoding="UTF-8"?>
<!-- Generated by org.testng.reporters.JUnitReportReporter -->
<testsuite hostname="DESKTOP-BRPE7R0" failures="0" tests="1" name="paraBankAPITesting.GET_List_Of_Transaction_For_An_Account" time="0.491" errors="0" timestamp="2026-07-22T02:40:41 IST" skipped="0">
  <testcase classname="paraBankAPITesting.GET_List_Of_Transaction_For_An_Account" name="getListOfTransactionForAnAccount" time="0.491"/>
  <system-out>
    <![CDATA[Opening Browser for Test execution
Test Case Successful]]>
  </system-out>
</testsuite> <!-- paraBankAPITesting.GET_List_Of_Transaction_For_An_Account -->
