<?xml version="1.0" encoding="UTF-8"?>
<!-- Generated by org.testng.reporters.JUnitReportReporter -->
<testsuite hostname="DESKTOP-BRPE7R0" failures="0" tests="1" name="paraBankAPITesting.POST_Create_NewAccount" time="0.466" errors="0" timestamp="2026-07-22T02:40:41 IST" skipped="0">
  <testcase classname="paraBankAPITesting.POST_Create_NewAccount" name="postCreateNewAccount" time="0.466"/>
  <system-out>
    <![CDATA[Opening Browser for Test execution
Test Case Successful]]>
  </system-out>
</testsuite> <!-- paraBankAPITesting.POST_Create_NewAccount -->
