<?xml version="1.0" encoding="UTF-8"?>
<testng-results ignored="0" total="4" passed="4" failed="0" skipped="0">
  <reporter-output>
    <line>
      <![CDATA[Opening Browser for Test execution]]>
    </line>
    <line>
      <![CDATA[Test Case Successful]]>
    </line>
    <line>
      <![CDATA[Opening Browser for Test execution]]>
    </line>
    <line>
      <![CDATA[Test Case Successful]]>
    </line>
    <line>
      <![CDATA[Opening Browser for Test execution]]>
    </line>
    <line>
      <![CDATA[Test Case Successful]]>
    </line>
    <line>
      <![CDATA[Opening Browser for Test execution]]>
    </line>
    <line>
      <![CDATA[Test Case Successful]]>
    </line>
  </reporter-output>
  <suite started-at="2026-07-20T02:34:48 IST" name="ParaBank Automation Suite" finished-at="2026-07-20T02:36:12 IST" duration-ms="83965">
    <groups>
      <group name="retest">
        <method signature="RetestingTestCases.verifyBalanceAmountUpdate()[pri:0, instance:paraBankTestCases.RetestingTestCases@16f7b4af]" name="verifyBalanceAmountUpdate" class="paraBankTestCases.RetestingTestCases"/>
        <method signature="RetestingTestCases.verifyUniqueAccountNumber()[pri:1, instance:paraBankTestCases.RetestingTestCases@16f7b4af]" name="verifyUniqueAccountNumber" class="paraBankTestCases.RetestingTestCases"/>
        <method signature="RetestingTestCases.verifyLoanDetailsVisibility()[pri:2, instance:paraBankTestCases.RetestingTestCases@16f7b4af]" name="verifyLoanDetailsVisibility" class="paraBankTestCases.RetestingTestCases"/>
        <method signature="RetestingTestCases.verifyProfileUpdate()[pri:3, instance:paraBankTestCases.RetestingTestCases@16f7b4af]" name="verifyProfileUpdate" class="paraBankTestCases.RetestingTestCases"/>
      </group> <!-- retest -->
    </groups>
    <test started-at="2026-07-20T02:34:48 IST" name="Retesting Cases" finished-at="2026-07-20T02:36:12 IST" duration-ms="83965">
      <class name="paraBankTestCases.RetestingTestCases">
        <test-method is-config="true" signature="launchBrowser()[pri:0, instance:paraBankTestCases.RetestingTestCases@16f7b4af]" started-at="2026-07-20T02:34:49 IST" name="launchBrowser" finished-at="2026-07-20T02:35:01 IST" duration-ms="11962" status="PASS">
          <reporter-output>
          </reporter-output>
        </test-method> <!-- launchBrowser -->
        <test-method signature="verifyBalanceAmountUpdate()[pri:0, instance:paraBankTestCases.RetestingTestCases@16f7b4af]" started-at="2026-07-20T02:35:01 IST" name="verifyBalanceAmountUpdate" finished-at="2026-07-20T02:35:30 IST" duration-ms="29573" status="PASS">
          <reporter-output>
            <line>
              <![CDATA[Opening Browser for Test execution]]>
            </line>
            <line>
              <![CDATA[Test Case Successful]]>
            </line>
          </reporter-output>
        </test-method> <!-- verifyBalanceAmountUpdate -->
        <test-method is-config="true" signature="closeBrowser()[pri:0, instance:paraBankTestCases.RetestingTestCases@16f7b4af]" started-at="2026-07-20T02:35:30 IST" name="closeBrowser" finished-at="2026-07-20T02:35:31 IST" duration-ms="1093" status="PASS">
          <reporter-output>
          </reporter-output>
        </test-method> <!-- closeBrowser -->
        <test-method is-config="true" signature="launchBrowser()[pri:0, instance:paraBankTestCases.RetestingTestCases@16f7b4af]" started-at="2026-07-20T02:35:31 IST" name="launchBrowser" finished-at="2026-07-20T02:35:37 IST" duration-ms="5737" status="PASS">
          <reporter-output>
          </reporter-output>
        </test-method> <!-- launchBrowser -->
        <test-method signature="verifyUniqueAccountNumber()[pri:1, instance:paraBankTestCases.RetestingTestCases@16f7b4af]" started-at="2026-07-20T02:35:37 IST" name="verifyUniqueAccountNumber" finished-at="2026-07-20T02:35:44 IST" duration-ms="6950" status="PASS">
          <reporter-output>
            <line>
              <![CDATA[Opening Browser for Test execution]]>
            </line>
            <line>
              <![CDATA[Test Case Successful]]>
            </line>
          </reporter-output>
        </test-method> <!-- verifyUniqueAccountNumber -->
        <test-method is-config="true" signature="closeBrowser()[pri:0, instance:paraBankTestCases.RetestingTestCases@16f7b4af]" started-at="2026-07-20T02:35:44 IST" name="closeBrowser" finished-at="2026-07-20T02:35:45 IST" duration-ms="610" status="PASS">
          <reporter-output>
          </reporter-output>
        </test-method> <!-- closeBrowser -->
        <test-method is-config="true" signature="launchBrowser()[pri:0, instance:paraBankTestCases.RetestingTestCases@16f7b4af]" started-at="2026-07-20T02:35:45 IST" name="launchBrowser" finished-at="2026-07-20T02:35:50 IST" duration-ms="4918" status="PASS">
          <reporter-output>
          </reporter-output>
        </test-method> <!-- launchBrowser -->
        <test-method signature="verifyLoanDetailsVisibility()[pri:2, instance:paraBankTestCases.RetestingTestCases@16f7b4af]" started-at="2026-07-20T02:35:50 IST" name="verifyLoanDetailsVisibility" finished-at="2026-07-20T02:35:57 IST" duration-ms="7575" status="PASS">
          <reporter-output>
            <line>
              <![CDATA[Opening Browser for Test execution]]>
            </line>
            <line>
              <![CDATA[Test Case Successful]]>
            </line>
          </reporter-output>
        </test-method> <!-- verifyLoanDetailsVisibility -->
        <test-method is-config="true" signature="closeBrowser()[pri:0, instance:paraBankTestCases.RetestingTestCases@16f7b4af]" started-at="2026-07-20T02:35:57 IST" name="closeBrowser" finished-at="2026-07-20T02:35:58 IST" duration-ms="627" status="PASS">
          <reporter-output>
          </reporter-output>
        </test-method> <!-- closeBrowser -->
        <test-method is-config="true" signature="launchBrowser()[pri:0, instance:paraBankTestCases.RetestingTestCases@16f7b4af]" started-at="2026-07-20T02:35:58 IST" name="launchBrowser" finished-at="2026-07-20T02:36:05 IST" duration-ms="6672" status="PASS">
          <reporter-output>
          </reporter-output>
        </test-method> <!-- launchBrowser -->
        <test-method signature="verifyProfileUpdate()[pri:3, instance:paraBankTestCases.RetestingTestCases@16f7b4af]" started-at="2026-07-20T02:36:05 IST" name="verifyProfileUpdate" finished-at="2026-07-20T02:36:12 IST" duration-ms="7129" status="PASS">
          <reporter-output>
            <line>
              <![CDATA[Opening Browser for Test execution]]>
            </line>
            <line>
              <![CDATA[Test Case Successful]]>
            </line>
          </reporter-output>
        </test-method> <!-- verifyProfileUpdate -->
        <test-method is-config="true" signature="closeBrowser()[pri:0, instance:paraBankTestCases.RetestingTestCases@16f7b4af]" started-at="2026-07-20T02:36:12 IST" name="closeBrowser" finished-at="2026-07-20T02:36:12 IST" duration-ms="625" status="PASS">
          <reporter-output>
          </reporter-output>
        </test-method> <!-- closeBrowser -->
      </class> <!-- paraBankTestCases.RetestingTestCases -->
    </test> <!-- Retesting Cases -->
  </suite> <!-- ParaBank Automation Suite -->
</testng-results>
